<?xml version="1.0" encoding="UTF-8"?>
<!-- Generated by org.testng.reporters.JUnitReportReporter -->
<testsuite hostname="DELL-FHHTRG3" failures="0" tests="3" name="Register.Test_20_InsuranceTypeID_Negative" time="0.297" errors="0" timestamp="2024-06-10T12:02:15 IST" skipped="0">
  <testcase classname="Register.Test_20_InsuranceTypeID_Negative" name="test_Insurance_Type_ID_Null" time="0.099"/>
  <testcase classname="Register.Test_20_InsuranceTypeID_Negative" name="test_Insurance_Type_ID_Invalid" time="0.092"/>
  <testcase classname="Register.Test_20_InsuranceTypeID_Negative" name="test_Insurance_Type_ID_Invalid_Numeric" time="0.106"/>
</testsuite> <!-- Register.Test_20_InsuranceTypeID_Negative -->
