<?xml version="1.0" encoding="UTF-8"?>
<!-- Generated by org.testng.reporters.JUnitReportReporter -->
<testsuite hostname="DELL-GLHTRG3" failures="0" tests="1" name="Update.Test_1_StatusChangeDate_Validation" time="4.447" errors="0" timestamp="2024-07-16T12:38:30 IST" skipped="0">
  <testcase classname="Update.Test_1_StatusChangeDate_Validation" name="future_statusChangeDate_negative_TC" time="4.447"/>
</testsuite> <!-- Update.Test_1_StatusChangeDate_Validation -->
