<?xml version="1.0" encoding="UTF-8"?>
<!-- Generated by org.testng.reporters.JUnitReportReporter -->
<testsuite hostname="DELL-FHHTRG3" failures="0" tests="5" name="Update.Test_3_AckComplaint" time="2.080" errors="0" timestamp="2024-06-10T12:02:15 IST" skipped="0">
  <testcase classname="Update.Test_3_AckComplaint" name="ack_to_new_negative_TC" time="0.606"/>
  <testcase classname="Update.Test_3_AckComplaint" name="ack_to_att_negative_TC" time="0.377"/>
  <testcase classname="Update.Test_3_AckComplaint" name="ack_to_esc_negative_TC" time="0.335"/>
  <testcase classname="Update.Test_3_AckComplaint" name="ack_to_rop_negative_TC" time="0.343"/>
  <testcase classname="Update.Test_3_AckComplaint" name="ack_to_cls_negative_TC" time="0.419"/>
</testsuite> <!-- Update.Test_3_AckComplaint -->
