<?xml version="1.0" encoding="UTF-8"?>
<!-- Generated by org.testng.reporters.JUnitReportReporter -->
<testsuite hostname="DELL-FHHTRG3" failures="0" tests="5" name="Register.Test_3_RegisterComplaint_Dates_Negative" time="0.638" errors="0" timestamp="2024-06-10T12:02:15 IST" skipped="0">
  <testcase classname="Register.Test_3_RegisterComplaint_Dates_Negative" name="test_registerComplaint_FutureDate" time="0.161"/>
  <testcase classname="Register.Test_3_RegisterComplaint_Dates_Negative" name="test_registerComplaint_InvalidDateFormat" time="0.119"/>
  <testcase classname="Register.Test_3_RegisterComplaint_Dates_Negative" name="test_complaintDateAndReceiptDate_Null" time="0.117"/>
  <testcase classname="Register.Test_3_RegisterComplaint_Dates_Negative" name="test_complaintDate_And_ComplaintReceiptDate_Zero" time="0.117"/>
  <testcase classname="Register.Test_3_RegisterComplaint_Dates_Negative" name="test_complaintDate_And_ComplaintReceiptDate_AsChracter" time="0.124"/>
</testsuite> <!-- Register.Test_3_RegisterComplaint_Dates_Negative -->
