<?xml version="1.0" encoding="UTF-8"?>
<!-- Generated by org.testng.reporters.JUnitReportReporter -->
<testsuite hostname="DELL-FHHTRG3" failures="0" tests="4" name="Register.Test_14_StateIDAndDistrictID_Negative" time="0.466" errors="0" timestamp="2024-06-10T12:02:15 IST" skipped="0">
  <testcase classname="Register.Test_14_StateIDAndDistrictID_Negative" name="test_Null_StateID" time="0.107"/>
  <testcase classname="Register.Test_14_StateIDAndDistrictID_Negative" name="test_Invalid_StateID" time="0.134"/>
  <testcase classname="Register.Test_14_StateIDAndDistrictID_Negative" name="test_Null_DistrictID" time="0.114"/>
  <testcase classname="Register.Test_14_StateIDAndDistrictID_Negative" name="test_Invalid_DistrictID" time="0.111"/>
</testsuite> <!-- Register.Test_14_StateIDAndDistrictID_Negative -->
