<?xml version="1.0" encoding="UTF-8"?>
<!-- Generated by org.testng.reporters.JUnitReportReporter -->
<testsuite hostname="DELL-FHHTRG3" failures="0" tests="14" name="Update.Test_15_UpdateComplaint_Positive" time="12.397" errors="0" timestamp="2024-06-10T12:02:15 IST" skipped="0">
  <testcase classname="Update.Test_15_UpdateComplaint_Positive" name="new_to_ack_positive_TC" time="0.401"/>
  <testcase classname="Update.Test_15_UpdateComplaint_Positive" name="new_to_esc_after_15_days_positive_TC" time="0.320"/>
  <testcase classname="Update.Test_15_UpdateComplaint_Positive" name="ack_to_pen_positive_TC" time="0.424"/>
  <testcase classname="Update.Test_15_UpdateComplaint_Positive" name="ack_to_esc_after_15_days_positive_TC" time="0.587"/>
  <testcase classname="Update.Test_15_UpdateComplaint_Positive" name="pen_to_att_positive_TC" time="0.609"/>
  <testcase classname="Update.Test_15_UpdateComplaint_Positive" name="pen_to_attent_to_claim_positive_TC" time="0.601"/>
  <testcase classname="Update.Test_15_UpdateComplaint_Positive" name="pen_to_esc_after_15_days_positive_TC" time="0.564"/>
  <testcase classname="Update.Test_15_UpdateComplaint_Positive" name="att_to_esc_firstTime_positive_TC" time="1.193"/>
  <testcase classname="Update.Test_15_UpdateComplaint_Positive" name="att_to_esc_secondTime_positive_TC" time="1.590"/>
  <testcase classname="Update.Test_15_UpdateComplaint_Positive" name="att_to_cls_positive_TC" time="0.996"/>
  <testcase classname="Update.Test_15_UpdateComplaint_Positive" name="closure_request_to_IRDIA_positive_TC" time="1.558"/>
  <testcase classname="Update.Test_15_UpdateComplaint_Positive" name="esc_to_rop_positive_TC" time="1.056"/>
  <testcase classname="Update.Test_15_UpdateComplaint_Positive" name="rop_to_att_with_claim_positive_TC" time="1.234"/>
  <testcase classname="Update.Test_15_UpdateComplaint_Positive" name="rop_to_att_with_positive_TC" time="1.264"/>
</testsuite> <!-- Update.Test_15_UpdateComplaint_Positive -->
