<?xml version="1.0" encoding="UTF-8"?>
<!-- Generated by org.testng.reporters.JUnitReportReporter -->
<testsuite hostname="DELL-FHHTRG3" failures="0" tests="3" name="Register.Test_21_PolicyTypeID_Negative" time="0.332" errors="0" timestamp="2024-06-10T12:02:15 IST" skipped="0">
  <testcase classname="Register.Test_21_PolicyTypeID_Negative" name="test_Policy_Type_ID_Null" time="0.090"/>
  <testcase classname="Register.Test_21_PolicyTypeID_Negative" name="test_Policy_Type_ID_Invalid" time="0.136"/>
  <testcase classname="Register.Test_21_PolicyTypeID_Negative" name="test_Policy_Type_ID_Invalid_Numeric" time="0.106"/>
</testsuite> <!-- Register.Test_21_PolicyTypeID_Negative -->
