<?xml version="1.0" encoding="UTF-8"?>
<!-- Generated by org.testng.reporters.JUnitReportReporter -->
<testsuite hostname="DELL-FHHTRG3" failures="0" tests="1" name="Update.Test_14_status_update_with_diff_transLogin_Id" time="0.358" errors="0" timestamp="2024-06-10T12:02:15 IST" skipped="0">
  <testcase classname="Update.Test_14_status_update_with_diff_transLogin_Id" name="status_update_with_diff_transLogin_Id_negative_TC" time="0.358"/>
</testsuite> <!-- Update.Test_14_status_update_with_diff_transLogin_Id -->
