<?xml version="1.0" encoding="UTF-8"?>
<!-- Generated by org.testng.reporters.JUnitReportReporter -->
<testsuite hostname="DELL-FHHTRG3" failures="0" tests="2" name="Register.Test_13_IntermediaryLicenseNumber_Negative" time="0.266" errors="0" timestamp="2024-06-10T12:02:15 IST" skipped="0">
  <testcase classname="Register.Test_13_IntermediaryLicenseNumber_Negative" name="test_Null_IntermediaryLicenseNumber" time="0.139"/>
  <testcase classname="Register.Test_13_IntermediaryLicenseNumber_Negative" name="test_Invalid_IntermediaryLicenseNumber" time="0.127"/>
</testsuite> <!-- Register.Test_13_IntermediaryLicenseNumber_Negative -->
