<?xml version="1.0" encoding="UTF-8"?>
<!-- Generated by org.testng.reporters.JUnitReportReporter -->
<testsuite hostname="DELL-FHHTRG3" failures="0" tests="4" name="Register.Test_15_ComplaintAgainstTypeID_Negative" time="0.458" errors="0" timestamp="2024-06-10T12:02:15 IST" skipped="0">
  <testcase classname="Register.Test_15_ComplaintAgainstTypeID_Negative" name="test_Null_ComplaintAgainstTypeID" time="0.090"/>
  <testcase classname="Register.Test_15_ComplaintAgainstTypeID_Negative" name="test_Alphabatical_ComplaintAgainstTypeID" time="0.091"/>
  <testcase classname="Register.Test_15_ComplaintAgainstTypeID_Negative" name="test_SpecialCharacter_ComplaintAgainstTypeID" time="0.182"/>
  <testcase classname="Register.Test_15_ComplaintAgainstTypeID_Negative" name="test_Invalid_ComplaintAgainstTypeID" time="0.095"/>
</testsuite> <!-- Register.Test_15_ComplaintAgainstTypeID_Negative -->
