<?xml version="1.0" encoding="UTF-8"?>
<!-- Generated by org.testng.reporters.JUnitReportReporter -->
<testsuite hostname="DELL-FHHTRG3" failures="0" tests="5" name="Register.Test_17_MobileNumber_Negative" time="0.481" errors="0" timestamp="2024-06-10T12:02:15 IST" skipped="0">
  <testcase classname="Register.Test_17_MobileNumber_Negative" name="test_Null_MobileNumber_Field" time="0.099"/>
  <testcase classname="Register.Test_17_MobileNumber_Negative" name="test_lessThen_10_Digit_MobileNumber" time="0.099"/>
  <testcase classname="Register.Test_17_MobileNumber_Negative" name="test_moreThen_10_Digit_MobileNumber" time="0.096"/>
  <testcase classname="Register.Test_17_MobileNumber_Negative" name="test_MobileNumber_As_AlphabaticCharacter" time="0.097"/>
  <testcase classname="Register.Test_17_MobileNumber_Negative" name="test_MobileNumber_As_SpecialCharacter" time="0.090"/>
</testsuite> <!-- Register.Test_17_MobileNumber_Negative -->
