<?xml version="1.0" encoding="UTF-8"?>
<!-- Generated by org.testng.reporters.JUnitReportReporter -->
<testsuite hostname="DELL-FHHTRG3" failures="0" tests="4" name="Register.Test_26_Option_Negative" time="0.372" errors="0" timestamp="2024-06-10T12:02:15 IST" skipped="0">
  <testcase classname="Register.Test_26_Option_Negative" name="test_Option_Null" time="0.091"/>
  <testcase classname="Register.Test_26_Option_Negative" name="test_Option_Alphabetical" time="0.098"/>
  <testcase classname="Register.Test_26_Option_Negative" name="test_Option_SpecialChars" time="0.095"/>
  <testcase classname="Register.Test_26_Option_Negative" name="test_Option_Invalid" time="0.088"/>
</testsuite> <!-- Register.Test_26_Option_Negative -->
