<?xml version="1.0" encoding="UTF-8"?>
<!-- Generated by org.testng.reporters.JUnitReportReporter -->
<testsuite hostname="DELL-FHHTRG3" failures="0" tests="5" name="Update.Test_2_NewComplaint" time="1.175" errors="0" timestamp="2024-06-10T12:02:15 IST" skipped="0">
  <testcase classname="Update.Test_2_NewComplaint" name="new_to_pen_negative_TC" time="0.236"/>
  <testcase classname="Update.Test_2_NewComplaint" name="new_to_att_negative_TC" time="0.250"/>
  <testcase classname="Update.Test_2_NewComplaint" name="new_to_esc_negative_TC" time="0.213"/>
  <testcase classname="Update.Test_2_NewComplaint" name="new_to_rop_negative_TC" time="0.226"/>
  <testcase classname="Update.Test_2_NewComplaint" name="new_to_cls_negative_TC" time="0.250"/>
</testsuite> <!-- Update.Test_2_NewComplaint -->
