<?xml version="1.0" encoding="UTF-8"?>
<!-- Generated by org.testng.reporters.JUnitReportReporter -->
<testsuite hostname="DELL-FHHTRG3" failures="0" tests="1" name="Register.Test_9_RegisterComplaint_Against_LifeInsuranceCompany" time="0.149" errors="0" timestamp="2024-06-10T12:02:15 IST" skipped="0">
  <testcase classname="Register.Test_9_RegisterComplaint_Against_LifeInsuranceCompany" name="test_registerComplaint_Against_Life_InsuranceCompany" time="0.149"/>
</testsuite> <!-- Register.Test_9_RegisterComplaint_Against_LifeInsuranceCompany -->
