<?xml version="1.0" encoding="UTF-8"?>
<!-- Generated by org.testng.reporters.JUnitReportReporter -->
<testsuite hostname="DELL-FHHTRG3" failures="0" tests="3" name="Register.Test_23_ComplaintDescriptionTypeID_Negative" time="0.377" errors="0" timestamp="2024-06-10T12:02:15 IST" skipped="0">
  <testcase classname="Register.Test_23_ComplaintDescriptionTypeID_Negative" name="test_Complaint_Description_Type_ID_Null" time="0.162"/>
  <testcase classname="Register.Test_23_ComplaintDescriptionTypeID_Negative" name="test_Complaint_Description_Type_ID_Invalid" time="0.114"/>
  <testcase classname="Register.Test_23_ComplaintDescriptionTypeID_Negative" name="test_Complaint_Description_Type_ID_Invalid_Numeric" time="0.101"/>
</testsuite> <!-- Register.Test_23_ComplaintDescriptionTypeID_Negative -->
