<?xml version="1.0" encoding="UTF-8"?>
<!-- Generated by org.testng.reporters.JUnitReportReporter -->
<testsuite hostname="DELL-FHHTRG3" failures="0" tests="2" name="Register.Test_16_FirstName_Negative" time="0.231" errors="0" timestamp="2024-06-10T12:02:15 IST" skipped="0">
  <testcase classname="Register.Test_16_FirstName_Negative" name="test_Null_FirstName" time="0.112"/>
  <testcase classname="Register.Test_16_FirstName_Negative" name="test_maxLength_exceeding_FirstName_Field" time="0.119"/>
</testsuite> <!-- Register.Test_16_FirstName_Negative -->
