<?xml version="1.0" encoding="UTF-8"?>
<!-- Generated by org.testng.reporters.JUnitReportReporter -->
<testsuite hostname="DELL-FHHTRG3" failures="0" tests="4" name="Update.Test_12_not_pertain_to" time="1.942" errors="0" timestamp="2024-06-10T12:02:15 IST" skipped="0">
  <testcase classname="Update.Test_12_not_pertain_to" name="new_not_pertain_to_positive_TC" time="0.296"/>
  <testcase classname="Update.Test_12_not_pertain_to" name="ack_not_pertain_to_positive_TC" time="0.553"/>
  <testcase classname="Update.Test_12_not_pertain_to" name="pending_not_pertain_to_positive_TC" time="0.813"/>
  <testcase classname="Update.Test_12_not_pertain_to" name="without_mand_field_negative_TC" time="0.280"/>
</testsuite> <!-- Update.Test_12_not_pertain_to -->
