<?xml version="1.0" encoding="UTF-8"?>
<!-- Generated by org.testng.reporters.JUnitReportReporter -->
<testsuite hostname="DELL-FHHTRG3" failures="0" tests="7" name="Update.Test_7_Att_to_Complaint" time="5.837" errors="0" timestamp="2024-06-10T12:02:15 IST" skipped="0">
  <testcase classname="Update.Test_7_Att_to_Complaint" name="att_to_new_negative_TC" time="0.923"/>
  <testcase classname="Update.Test_7_Att_to_Complaint" name="att_to_ack_negative_TC" time="0.654"/>
  <testcase classname="Update.Test_7_Att_to_Complaint" name="att_to_pen_negative_TC" time="0.660"/>
  <testcase classname="Update.Test_7_Att_to_Complaint" name="att_to_rop_negative_TC" time="0.660"/>
  <testcase classname="Update.Test_7_Att_to_Complaint" name="att_to_esc_with_mandatary_fields_negative_TC" time="0.611"/>
  <testcase classname="Update.Test_7_Att_to_Complaint" name="att_to_cls_with_ESC_negative_TC" time="1.070"/>
  <testcase classname="Update.Test_7_Att_to_Complaint" name="att_to_cls_negative_TC" time="1.259"/>
</testsuite> <!-- Update.Test_7_Att_to_Complaint -->
